# A process from %TEMP% clears the Security log, deletes shadow copies, then
# renames fifteen finance files to .akira within ten seconds.
{"schema_version":"0.3","event":{"id":"evt_57123ecbcb8c4bd35a59e401b8bc07225f86279a06955e543c8bc21f94e538fb","category":"process","type":"start","timestamp":"2026-09-15T09:00:00.000Z"},"source":{"kind":"sysmon","provider":"Microsoft-Windows-Sysmon","channel":"Microsoft-Windows-Sysmon/Operational","record_id":1001},"agent":{"id":"officer-agent-lab","version":"0.3.0"},"host":{"id":"FS-01","hostname":"FS-01","os":{"name":"Windows 11 Pro","build":"26100"}},"user":{"name":"svc_backup","domain":"CORP","sid":"S-1-5-21-1004336348-1177238915-682003330-1104"},"process":{"entity_id":"proc_5743297bbf37cc77413903b78e3e29cbbb40d28c4ea9de18e5fdb4133971d127","pid":600,"name":"userinit.exe","executable":"C:\\Windows\\System32\\userinit.exe","command_line":"\"C:\\Windows\\System32\\userinit.exe\"","parent":{"entity_id":null,"pid":4,"name":"System"},"hash":{"sha256":"8c9ec21b9d2bb6f0c10f9ab85db774dac833d747dc1a1f6a7c603e012403655b"}}}
{"schema_version":"0.3","event":{"id":"evt_ad45e789ca1fde2d4e73781de09c8b50f3ea7de5b84f58f3eab393c3cddda98b","category":"process","type":"start","timestamp":"2026-09-15T09:00:01.000Z"},"source":{"kind":"sysmon","provider":"Microsoft-Windows-Sysmon","channel":"Microsoft-Windows-Sysmon/Operational","record_id":1002},"agent":{"id":"officer-agent-lab","version":"0.3.0"},"host":{"id":"FS-01","hostname":"FS-01","os":{"name":"Windows 11 Pro","build":"26100"}},"user":{"name":"svc_backup","domain":"CORP","sid":"S-1-5-21-1004336348-1177238915-682003330-1104"},"process":{"entity_id":"proc_8c9b6076002725fb69ccd46a2380bffc408a2c53474bef7de1bde15d423d22a0","pid":1000,"name":"explorer.exe","executable":"C:\\Windows\\explorer.exe","command_line":"\"C:\\Windows\\explorer.exe\"","parent":{"entity_id":null,"pid":600,"name":"userinit.exe"},"hash":{"sha256":"43013e29a338b81bc45b390f87108a8aa648dea8dbbd6df021aeff741f3d3ecb"}}}
{"schema_version":"0.3","event":{"id":"evt_cfdd231c4270f46a8c1cc839149480ffefd5fdbd4a222726df2180a2465f1115","category":"process","type":"start","timestamp":"2026-09-15T09:00:30.000Z"},"source":{"kind":"sysmon","provider":"Microsoft-Windows-Sysmon","channel":"Microsoft-Windows-Sysmon/Operational","record_id":1003},"agent":{"id":"officer-agent-lab","version":"0.3.0"},"host":{"id":"FS-01","hostname":"FS-01","os":{"name":"Windows 11 Pro","build":"26100"}},"user":{"name":"svc_backup","domain":"CORP","sid":"S-1-5-21-1004336348-1177238915-682003330-1104"},"process":{"entity_id":"proc_c3919ec6789de773240c731732d145d2a7063f02414a82859831344d6feba6e0","pid":6000,"name":"upd.exe","executable":"C:\\Users\\svc_backup\\AppData\\Local\\Temp\\upd.exe","command_line":"\"C:\\Users\\svc_backup\\AppData\\Local\\Temp\\upd.exe\"","parent":{"entity_id":null,"pid":1000,"name":"explorer.exe"},"hash":{"sha256":"0cf8c0cb8f353d215ee9a05e3feb235e02e3ea6f9bac584ed68e658d3a7197d5"}}}
{"schema_version":"0.3","event":{"id":"evt_3c44b18d93124fee7eccd4113b777a95f5dda0e4db29dd2a2501396356a6fa9f","category":"process","type":"start","timestamp":"2026-09-15T09:00:31.000Z"},"source":{"kind":"sysmon","provider":"Microsoft-Windows-Sysmon","channel":"Microsoft-Windows-Sysmon/Operational","record_id":1004},"agent":{"id":"officer-agent-lab","version":"0.3.0"},"host":{"id":"FS-01","hostname":"FS-01","os":{"name":"Windows 11 Pro","build":"26100"}},"user":{"name":"svc_backup","domain":"CORP","sid":"S-1-5-21-1004336348-1177238915-682003330-1104"},"process":{"entity_id":"proc_1ed3d1748b997b2c4944f99f82ea69e3b1d8dc7ba2e2cae54795217c7f0d2ec9","pid":6010,"name":"wevtutil.exe","executable":"C:\\Windows\\System32\\wevtutil.exe","command_line":"wevtutil.exe cl Security","parent":{"entity_id":null,"pid":6000,"name":"upd.exe"},"hash":{"sha256":"2bfdc47a357bff4db63e785333f7b91a0c421be54a17eb164506bc2a5dc9dda8"}}}
{"schema_version":"0.3","event":{"id":"evt_322a469c52c560fdb43e34c8274ed530ae64a64bb95e2bf9b19f9ede0163f80e","category":"process","type":"start","timestamp":"2026-09-15T09:00:32.000Z"},"source":{"kind":"sysmon","provider":"Microsoft-Windows-Sysmon","channel":"Microsoft-Windows-Sysmon/Operational","record_id":1005},"agent":{"id":"officer-agent-lab","version":"0.3.0"},"host":{"id":"FS-01","hostname":"FS-01","os":{"name":"Windows 11 Pro","build":"26100"}},"user":{"name":"svc_backup","domain":"CORP","sid":"S-1-5-21-1004336348-1177238915-682003330-1104"},"process":{"entity_id":"proc_a78b4b94612aa80f5df7f73881281b0ac2167351bdd4fd16269364eeb7dbebc9","pid":6020,"name":"vssadmin.exe","executable":"C:\\Windows\\System32\\vssadmin.exe","command_line":"vssadmin.exe delete shadows /all /quiet","parent":{"entity_id":null,"pid":6000,"name":"upd.exe"},"hash":{"sha256":"7942647bae75ccdee212f04d1f094500406593588baa9406ebc3d56f61ad8d29"}}}
{"schema_version":"0.3","event":{"id":"evt_ca0c87a2cf04fcc23c61b19cc42fda73f19b6c7c61798cb826ef30e5298c52c0","category":"file","type":"rename","timestamp":"2026-09-15T09:00:40.000Z"},"source":{"kind":"sysmon","provider":"Microsoft-Windows-Sysmon","channel":"Microsoft-Windows-Sysmon/Operational","record_id":1006},"agent":{"id":"officer-agent-lab","version":"0.3.0"},"host":{"id":"FS-01","hostname":"FS-01","os":{"name":"Windows 11 Pro","build":"26100"}},"user":{"name":"svc_backup","domain":"CORP","sid":"S-1-5-21-1004336348-1177238915-682003330-1104"},"process":{"entity_id":"proc_c10485dffc66ba83058a3f2dfcca85671de7a888dc95ea07353e8308d700f8e4","pid":6000,"name":"upd.exe","executable":"C:\\Users\\svc_backup\\AppData\\Local\\Temp\\upd.exe","command_line":"\"C:\\Users\\svc_backup\\AppData\\Local\\Temp\\upd.exe\"","parent":{"entity_id":null,"pid":1000,"name":"explorer.exe"},"hash":{"sha256":"0cf8c0cb8f353d215ee9a05e3feb235e02e3ea6f9bac584ed68e658d3a7197d5"}},"file":{"operation":"rename","path":"C:\\Shares\\Finance\\report_00.xlsx.akira","target_path":"C:\\Shares\\Finance\\report_00.xlsx.akira","previous_path":"C:\\Shares\\Finance\\report_00.xlsx","hash":{"sha256":null}}}
{"schema_version":"0.3","event":{"id":"evt_024cb2c5a3cc660d4fed0eb4f0510df2fabed4caff94aace303d2cc464263341","category":"file","type":"rename","timestamp":"2026-09-15T09:00:40.700Z"},"source":{"kind":"sysmon","provider":"Microsoft-Windows-Sysmon","channel":"Microsoft-Windows-Sysmon/Operational","record_id":1007},"agent":{"id":"officer-agent-lab","version":"0.3.0"},"host":{"id":"FS-01","hostname":"FS-01","os":{"name":"Windows 11 Pro","build":"26100"}},"user":{"name":"svc_backup","domain":"CORP","sid":"S-1-5-21-1004336348-1177238915-682003330-1104"},"process":{"entity_id":"proc_c10485dffc66ba83058a3f2dfcca85671de7a888dc95ea07353e8308d700f8e4","pid":6000,"name":"upd.exe","executable":"C:\\Users\\svc_backup\\AppData\\Local\\Temp\\upd.exe","command_line":"\"C:\\Users\\svc_backup\\AppData\\Local\\Temp\\upd.exe\"","parent":{"entity_id":null,"pid":1000,"name":"explorer.exe"},"hash":{"sha256":"0cf8c0cb8f353d215ee9a05e3feb235e02e3ea6f9bac584ed68e658d3a7197d5"}},"file":{"operation":"rename","path":"C:\\Shares\\Finance\\report_01.xlsx.akira","target_path":"C:\\Shares\\Finance\\report_01.xlsx.akira","previous_path":"C:\\Shares\\Finance\\report_01.xlsx","hash":{"sha256":null}}}
{"schema_version":"0.3","event":{"id":"evt_f811566c27048da8c513376363dbe6352a1562483033a8119791657e97225c32","category":"file","type":"rename","timestamp":"2026-09-15T09:00:41.400Z"},"source":{"kind":"sysmon","provider":"Microsoft-Windows-Sysmon","channel":"Microsoft-Windows-Sysmon/Operational","record_id":1008},"agent":{"id":"officer-agent-lab","version":"0.3.0"},"host":{"id":"FS-01","hostname":"FS-01","os":{"name":"Windows 11 Pro","build":"26100"}},"user":{"name":"svc_backup","domain":"CORP","sid":"S-1-5-21-1004336348-1177238915-682003330-1104"},"process":{"entity_id":"proc_c10485dffc66ba83058a3f2dfcca85671de7a888dc95ea07353e8308d700f8e4","pid":6000,"name":"upd.exe","executable":"C:\\Users\\svc_backup\\AppData\\Local\\Temp\\upd.exe","command_line":"\"C:\\Users\\svc_backup\\AppData\\Local\\Temp\\upd.exe\"","parent":{"entity_id":null,"pid":1000,"name":"explorer.exe"},"hash":{"sha256":"0cf8c0cb8f353d215ee9a05e3feb235e02e3ea6f9bac584ed68e658d3a7197d5"}},"file":{"operation":"rename","path":"C:\\Shares\\Finance\\report_02.xlsx.akira","target_path":"C:\\Shares\\Finance\\report_02.xlsx.akira","previous_path":"C:\\Shares\\Finance\\report_02.xlsx","hash":{"sha256":null}}}
{"schema_version":"0.3","event":{"id":"evt_b3d868954f588aec246b587fb0a3687a98b121ce179fce8b39e8e739eab96406","category":"file","type":"rename","timestamp":"2026-09-15T09:00:42.100Z"},"source":{"kind":"sysmon","provider":"Microsoft-Windows-Sysmon","channel":"Microsoft-Windows-Sysmon/Operational","record_id":1009},"agent":{"id":"officer-agent-lab","version":"0.3.0"},"host":{"id":"FS-01","hostname":"FS-01","os":{"name":"Windows 11 Pro","build":"26100"}},"user":{"name":"svc_backup","domain":"CORP","sid":"S-1-5-21-1004336348-1177238915-682003330-1104"},"process":{"entity_id":"proc_c10485dffc66ba83058a3f2dfcca85671de7a888dc95ea07353e8308d700f8e4","pid":6000,"name":"upd.exe","executable":"C:\\Users\\svc_backup\\AppData\\Local\\Temp\\upd.exe","command_line":"\"C:\\Users\\svc_backup\\AppData\\Local\\Temp\\upd.exe\"","parent":{"entity_id":null,"pid":1000,"name":"explorer.exe"},"hash":{"sha256":"0cf8c0cb8f353d215ee9a05e3feb235e02e3ea6f9bac584ed68e658d3a7197d5"}},"file":{"operation":"rename","path":"C:\\Shares\\Finance\\report_03.xlsx.akira","target_path":"C:\\Shares\\Finance\\report_03.xlsx.akira","previous_path":"C:\\Shares\\Finance\\report_03.xlsx","hash":{"sha256":null}}}
{"schema_version":"0.3","event":{"id":"evt_c9e802611a5a986d2e72d0aa6357cfe2dd8dd358d3dc3dfe82501ddd08856728","category":"file","type":"rename","timestamp":"2026-09-15T09:00:42.800Z"},"source":{"kind":"sysmon","provider":"Microsoft-Windows-Sysmon","channel":"Microsoft-Windows-Sysmon/Operational","record_id":1010},"agent":{"id":"officer-agent-lab","version":"0.3.0"},"host":{"id":"FS-01","hostname":"FS-01","os":{"name":"Windows 11 Pro","build":"26100"}},"user":{"name":"svc_backup","domain":"CORP","sid":"S-1-5-21-1004336348-1177238915-682003330-1104"},"process":{"entity_id":"proc_c10485dffc66ba83058a3f2dfcca85671de7a888dc95ea07353e8308d700f8e4","pid":6000,"name":"upd.exe","executable":"C:\\Users\\svc_backup\\AppData\\Local\\Temp\\upd.exe","command_line":"\"C:\\Users\\svc_backup\\AppData\\Local\\Temp\\upd.exe\"","parent":{"entity_id":null,"pid":1000,"name":"explorer.exe"},"hash":{"sha256":"0cf8c0cb8f353d215ee9a05e3feb235e02e3ea6f9bac584ed68e658d3a7197d5"}},"file":{"operation":"rename","path":"C:\\Shares\\Finance\\report_04.xlsx.akira","target_path":"C:\\Shares\\Finance\\report_04.xlsx.akira","previous_path":"C:\\Shares\\Finance\\report_04.xlsx","hash":{"sha256":null}}}
{"schema_version":"0.3","event":{"id":"evt_183b7ceb8417118e2dbbff28415d27746960e87dda5701e3132610ab8697566e","category":"file","type":"rename","timestamp":"2026-09-15T09:00:43.500Z"},"source":{"kind":"sysmon","provider":"Microsoft-Windows-Sysmon","channel":"Microsoft-Windows-Sysmon/Operational","record_id":1011},"agent":{"id":"officer-agent-lab","version":"0.3.0"},"host":{"id":"FS-01","hostname":"FS-01","os":{"name":"Windows 11 Pro","build":"26100"}},"user":{"name":"svc_backup","domain":"CORP","sid":"S-1-5-21-1004336348-1177238915-682003330-1104"},"process":{"entity_id":"proc_c10485dffc66ba83058a3f2dfcca85671de7a888dc95ea07353e8308d700f8e4","pid":6000,"name":"upd.exe","executable":"C:\\Users\\svc_backup\\AppData\\Local\\Temp\\upd.exe","command_line":"\"C:\\Users\\svc_backup\\AppData\\Local\\Temp\\upd.exe\"","parent":{"entity_id":null,"pid":1000,"name":"explorer.exe"},"hash":{"sha256":"0cf8c0cb8f353d215ee9a05e3feb235e02e3ea6f9bac584ed68e658d3a7197d5"}},"file":{"operation":"rename","path":"C:\\Shares\\Finance\\report_05.xlsx.akira","target_path":"C:\\Shares\\Finance\\report_05.xlsx.akira","previous_path":"C:\\Shares\\Finance\\report_05.xlsx","hash":{"sha256":null}}}
{"schema_version":"0.3","event":{"id":"evt_db49b6eae125814165086370859212cf62152badaab36b899357d3510038e618","category":"file","type":"rename","timestamp":"2026-09-15T09:00:44.200Z"},"source":{"kind":"sysmon","provider":"Microsoft-Windows-Sysmon","channel":"Microsoft-Windows-Sysmon/Operational","record_id":1012},"agent":{"id":"officer-agent-lab","version":"0.3.0"},"host":{"id":"FS-01","hostname":"FS-01","os":{"name":"Windows 11 Pro","build":"26100"}},"user":{"name":"svc_backup","domain":"CORP","sid":"S-1-5-21-1004336348-1177238915-682003330-1104"},"process":{"entity_id":"proc_c10485dffc66ba83058a3f2dfcca85671de7a888dc95ea07353e8308d700f8e4","pid":6000,"name":"upd.exe","executable":"C:\\Users\\svc_backup\\AppData\\Local\\Temp\\upd.exe","command_line":"\"C:\\Users\\svc_backup\\AppData\\Local\\Temp\\upd.exe\"","parent":{"entity_id":null,"pid":1000,"name":"explorer.exe"},"hash":{"sha256":"0cf8c0cb8f353d215ee9a05e3feb235e02e3ea6f9bac584ed68e658d3a7197d5"}},"file":{"operation":"rename","path":"C:\\Shares\\Finance\\report_06.xlsx.akira","target_path":"C:\\Shares\\Finance\\report_06.xlsx.akira","previous_path":"C:\\Shares\\Finance\\report_06.xlsx","hash":{"sha256":null}}}
{"schema_version":"0.3","event":{"id":"evt_d11c9015547aec38a0171d1af97d0714239152805a60f2a2bdcb6b714ca77039","category":"file","type":"rename","timestamp":"2026-09-15T09:00:44.900Z"},"source":{"kind":"sysmon","provider":"Microsoft-Windows-Sysmon","channel":"Microsoft-Windows-Sysmon/Operational","record_id":1013},"agent":{"id":"officer-agent-lab","version":"0.3.0"},"host":{"id":"FS-01","hostname":"FS-01","os":{"name":"Windows 11 Pro","build":"26100"}},"user":{"name":"svc_backup","domain":"CORP","sid":"S-1-5-21-1004336348-1177238915-682003330-1104"},"process":{"entity_id":"proc_c10485dffc66ba83058a3f2dfcca85671de7a888dc95ea07353e8308d700f8e4","pid":6000,"name":"upd.exe","executable":"C:\\Users\\svc_backup\\AppData\\Local\\Temp\\upd.exe","command_line":"\"C:\\Users\\svc_backup\\AppData\\Local\\Temp\\upd.exe\"","parent":{"entity_id":null,"pid":1000,"name":"explorer.exe"},"hash":{"sha256":"0cf8c0cb8f353d215ee9a05e3feb235e02e3ea6f9bac584ed68e658d3a7197d5"}},"file":{"operation":"rename","path":"C:\\Shares\\Finance\\report_07.xlsx.akira","target_path":"C:\\Shares\\Finance\\report_07.xlsx.akira","previous_path":"C:\\Shares\\Finance\\report_07.xlsx","hash":{"sha256":null}}}
{"schema_version":"0.3","event":{"id":"evt_a0042ab38580d5ce20455c4b9d5160209ce7a8ef8892290a824678915fc97807","category":"file","type":"rename","timestamp":"2026-09-15T09:00:45.600Z"},"source":{"kind":"sysmon","provider":"Microsoft-Windows-Sysmon","channel":"Microsoft-Windows-Sysmon/Operational","record_id":1014},"agent":{"id":"officer-agent-lab","version":"0.3.0"},"host":{"id":"FS-01","hostname":"FS-01","os":{"name":"Windows 11 Pro","build":"26100"}},"user":{"name":"svc_backup","domain":"CORP","sid":"S-1-5-21-1004336348-1177238915-682003330-1104"},"process":{"entity_id":"proc_c10485dffc66ba83058a3f2dfcca85671de7a888dc95ea07353e8308d700f8e4","pid":6000,"name":"upd.exe","executable":"C:\\Users\\svc_backup\\AppData\\Local\\Temp\\upd.exe","command_line":"\"C:\\Users\\svc_backup\\AppData\\Local\\Temp\\upd.exe\"","parent":{"entity_id":null,"pid":1000,"name":"explorer.exe"},"hash":{"sha256":"0cf8c0cb8f353d215ee9a05e3feb235e02e3ea6f9bac584ed68e658d3a7197d5"}},"file":{"operation":"rename","path":"C:\\Shares\\Finance\\report_08.xlsx.akira","target_path":"C:\\Shares\\Finance\\report_08.xlsx.akira","previous_path":"C:\\Shares\\Finance\\report_08.xlsx","hash":{"sha256":null}}}
{"schema_version":"0.3","event":{"id":"evt_e1b37582d01c48242e7a635d97914cd1f153a612d9e30d30e8bf540db7c9620b","category":"file","type":"rename","timestamp":"2026-09-15T09:00:46.300Z"},"source":{"kind":"sysmon","provider":"Microsoft-Windows-Sysmon","channel":"Microsoft-Windows-Sysmon/Operational","record_id":1015},"agent":{"id":"officer-agent-lab","version":"0.3.0"},"host":{"id":"FS-01","hostname":"FS-01","os":{"name":"Windows 11 Pro","build":"26100"}},"user":{"name":"svc_backup","domain":"CORP","sid":"S-1-5-21-1004336348-1177238915-682003330-1104"},"process":{"entity_id":"proc_c10485dffc66ba83058a3f2dfcca85671de7a888dc95ea07353e8308d700f8e4","pid":6000,"name":"upd.exe","executable":"C:\\Users\\svc_backup\\AppData\\Local\\Temp\\upd.exe","command_line":"\"C:\\Users\\svc_backup\\AppData\\Local\\Temp\\upd.exe\"","parent":{"entity_id":null,"pid":1000,"name":"explorer.exe"},"hash":{"sha256":"0cf8c0cb8f353d215ee9a05e3feb235e02e3ea6f9bac584ed68e658d3a7197d5"}},"file":{"operation":"rename","path":"C:\\Shares\\Finance\\report_09.xlsx.akira","target_path":"C:\\Shares\\Finance\\report_09.xlsx.akira","previous_path":"C:\\Shares\\Finance\\report_09.xlsx","hash":{"sha256":null}}}
{"schema_version":"0.3","event":{"id":"evt_e398aa4641cc8a5daa723d9486c11bee5cd6e2f2e0634ddad1ed6e46326128c0","category":"file","type":"rename","timestamp":"2026-09-15T09:00:47.000Z"},"source":{"kind":"sysmon","provider":"Microsoft-Windows-Sysmon","channel":"Microsoft-Windows-Sysmon/Operational","record_id":1016},"agent":{"id":"officer-agent-lab","version":"0.3.0"},"host":{"id":"FS-01","hostname":"FS-01","os":{"name":"Windows 11 Pro","build":"26100"}},"user":{"name":"svc_backup","domain":"CORP","sid":"S-1-5-21-1004336348-1177238915-682003330-1104"},"process":{"entity_id":"proc_c10485dffc66ba83058a3f2dfcca85671de7a888dc95ea07353e8308d700f8e4","pid":6000,"name":"upd.exe","executable":"C:\\Users\\svc_backup\\AppData\\Local\\Temp\\upd.exe","command_line":"\"C:\\Users\\svc_backup\\AppData\\Local\\Temp\\upd.exe\"","parent":{"entity_id":null,"pid":1000,"name":"explorer.exe"},"hash":{"sha256":"0cf8c0cb8f353d215ee9a05e3feb235e02e3ea6f9bac584ed68e658d3a7197d5"}},"file":{"operation":"rename","path":"C:\\Shares\\Finance\\report_10.xlsx.akira","target_path":"C:\\Shares\\Finance\\report_10.xlsx.akira","previous_path":"C:\\Shares\\Finance\\report_10.xlsx","hash":{"sha256":null}}}
{"schema_version":"0.3","event":{"id":"evt_949a58f7f1a0e6cf8c17d0c6d9750fa61fc55f1c9586ad263a630f0aa90582dd","category":"file","type":"rename","timestamp":"2026-09-15T09:00:47.700Z"},"source":{"kind":"sysmon","provider":"Microsoft-Windows-Sysmon","channel":"Microsoft-Windows-Sysmon/Operational","record_id":1017},"agent":{"id":"officer-agent-lab","version":"0.3.0"},"host":{"id":"FS-01","hostname":"FS-01","os":{"name":"Windows 11 Pro","build":"26100"}},"user":{"name":"svc_backup","domain":"CORP","sid":"S-1-5-21-1004336348-1177238915-682003330-1104"},"process":{"entity_id":"proc_c10485dffc66ba83058a3f2dfcca85671de7a888dc95ea07353e8308d700f8e4","pid":6000,"name":"upd.exe","executable":"C:\\Users\\svc_backup\\AppData\\Local\\Temp\\upd.exe","command_line":"\"C:\\Users\\svc_backup\\AppData\\Local\\Temp\\upd.exe\"","parent":{"entity_id":null,"pid":1000,"name":"explorer.exe"},"hash":{"sha256":"0cf8c0cb8f353d215ee9a05e3feb235e02e3ea6f9bac584ed68e658d3a7197d5"}},"file":{"operation":"rename","path":"C:\\Shares\\Finance\\report_11.xlsx.akira","target_path":"C:\\Shares\\Finance\\report_11.xlsx.akira","previous_path":"C:\\Shares\\Finance\\report_11.xlsx","hash":{"sha256":null}}}
{"schema_version":"0.3","event":{"id":"evt_9ab502467ebc0de998d4d4f1803528ae0ca7c71bcf61f0dd3dccbfd8f64e1c36","category":"file","type":"rename","timestamp":"2026-09-15T09:00:48.400Z"},"source":{"kind":"sysmon","provider":"Microsoft-Windows-Sysmon","channel":"Microsoft-Windows-Sysmon/Operational","record_id":1018},"agent":{"id":"officer-agent-lab","version":"0.3.0"},"host":{"id":"FS-01","hostname":"FS-01","os":{"name":"Windows 11 Pro","build":"26100"}},"user":{"name":"svc_backup","domain":"CORP","sid":"S-1-5-21-1004336348-1177238915-682003330-1104"},"process":{"entity_id":"proc_c10485dffc66ba83058a3f2dfcca85671de7a888dc95ea07353e8308d700f8e4","pid":6000,"name":"upd.exe","executable":"C:\\Users\\svc_backup\\AppData\\Local\\Temp\\upd.exe","command_line":"\"C:\\Users\\svc_backup\\AppData\\Local\\Temp\\upd.exe\"","parent":{"entity_id":null,"pid":1000,"name":"explorer.exe"},"hash":{"sha256":"0cf8c0cb8f353d215ee9a05e3feb235e02e3ea6f9bac584ed68e658d3a7197d5"}},"file":{"operation":"rename","path":"C:\\Shares\\Finance\\report_12.xlsx.akira","target_path":"C:\\Shares\\Finance\\report_12.xlsx.akira","previous_path":"C:\\Shares\\Finance\\report_12.xlsx","hash":{"sha256":null}}}
{"schema_version":"0.3","event":{"id":"evt_c87933b72f4b27066da1a43a1adc58c184a32827a509a7c45737dc555d2ae751","category":"file","type":"rename","timestamp":"2026-09-15T09:00:49.100Z"},"source":{"kind":"sysmon","provider":"Microsoft-Windows-Sysmon","channel":"Microsoft-Windows-Sysmon/Operational","record_id":1019},"agent":{"id":"officer-agent-lab","version":"0.3.0"},"host":{"id":"FS-01","hostname":"FS-01","os":{"name":"Windows 11 Pro","build":"26100"}},"user":{"name":"svc_backup","domain":"CORP","sid":"S-1-5-21-1004336348-1177238915-682003330-1104"},"process":{"entity_id":"proc_c10485dffc66ba83058a3f2dfcca85671de7a888dc95ea07353e8308d700f8e4","pid":6000,"name":"upd.exe","executable":"C:\\Users\\svc_backup\\AppData\\Local\\Temp\\upd.exe","command_line":"\"C:\\Users\\svc_backup\\AppData\\Local\\Temp\\upd.exe\"","parent":{"entity_id":null,"pid":1000,"name":"explorer.exe"},"hash":{"sha256":"0cf8c0cb8f353d215ee9a05e3feb235e02e3ea6f9bac584ed68e658d3a7197d5"}},"file":{"operation":"rename","path":"C:\\Shares\\Finance\\report_13.xlsx.akira","target_path":"C:\\Shares\\Finance\\report_13.xlsx.akira","previous_path":"C:\\Shares\\Finance\\report_13.xlsx","hash":{"sha256":null}}}
{"schema_version":"0.3","event":{"id":"evt_8e1d1e514bc872422cf56a40291a882a4ef02edb9d27875a1b3a06e873a4c9b4","category":"file","type":"rename","timestamp":"2026-09-15T09:00:49.800Z"},"source":{"kind":"sysmon","provider":"Microsoft-Windows-Sysmon","channel":"Microsoft-Windows-Sysmon/Operational","record_id":1020},"agent":{"id":"officer-agent-lab","version":"0.3.0"},"host":{"id":"FS-01","hostname":"FS-01","os":{"name":"Windows 11 Pro","build":"26100"}},"user":{"name":"svc_backup","domain":"CORP","sid":"S-1-5-21-1004336348-1177238915-682003330-1104"},"process":{"entity_id":"proc_c10485dffc66ba83058a3f2dfcca85671de7a888dc95ea07353e8308d700f8e4","pid":6000,"name":"upd.exe","executable":"C:\\Users\\svc_backup\\AppData\\Local\\Temp\\upd.exe","command_line":"\"C:\\Users\\svc_backup\\AppData\\Local\\Temp\\upd.exe\"","parent":{"entity_id":null,"pid":1000,"name":"explorer.exe"},"hash":{"sha256":"0cf8c0cb8f353d215ee9a05e3feb235e02e3ea6f9bac584ed68e658d3a7197d5"}},"file":{"operation":"rename","path":"C:\\Shares\\Finance\\report_14.xlsx.akira","target_path":"C:\\Shares\\Finance\\report_14.xlsx.akira","previous_path":"C:\\Shares\\Finance\\report_14.xlsx","hash":{"sha256":null}}}
